This is e-pTeX, Version 3.14159265-p3.8.2-190908-2.6 (utf8.euc) (TeX Live 2019/Debian) (preloaded format=platex 2020.12.23)  9 NOV 2021 08:20
entering extended mode
 restricted \write18 enabled.
 %&-line parsing enabled.
**03main.tex
(./03main.tex
pLaTeX2e <2020-02-02>+2 (based on LaTeX2e <2020-02-02> patch level 2)
L3 programming layer <2020-02-14>
(/usr/share/texlive/texmf-dist/tex/platex/jsclasses/jsbook.cls
Document Class: jsbook 2020/02/02 jsclasses (okumura, texjporg)
\jsc@mpt=\dimen150
\jsc@mmm=\dimen151
\jsc@smallskipamount=\skip47
LaTeX Info: Redefining \textmc on input line 501.
LaTeX Info: Redefining \textgt on input line 503.
\symmincho=\mathgroup4
LaTeX Font Info:    Overwriting symbol font `mincho' in version `bold'
(Font)                  JY1/mc/m/n --> JY1/gt/m/n on input line 565.
LaTeX Font Info:    Font shape `JT1/mc/m/n' will be
(Font)              scaled to size 9.60999pt on input line 756.
LaTeX Font Info:    Font shape `JY1/mc/m/n' will be
(Font)              scaled to size 9.60999pt on input line 756.
\fullwidth=\dimen152
LaTeX Font Info:    Font shape `JT1/mc/m/n' will be
(Font)              scaled to size 7.68799pt on input line 917.
LaTeX Font Info:    Font shape `JY1/mc/m/n' will be
(Font)              scaled to size 7.68799pt on input line 917.
\c@part=\count166
\c@chapter=\count167
\c@section=\count168
\c@subsection=\count169
\c@subsubsection=\count170
\c@paragraph=\count171
\c@subparagraph=\count172
\c@figure=\count173
\c@table=\count174
\abovecaptionskip=\skip48
\belowcaptionskip=\skip49
\jsc@tocl@width=\dimen153
\@lnumwidth=\dimen154
\bibindent=\dimen155
(/usr/share/texlive/texmf-dist/tex/platex/jsclasses/jslogo.sty
Package: jslogo 2019/07/25 okumura, texjporg
LaTeX Info: Redefining \TeX on input line 94.
LaTeX Info: Redefining \LaTeX on input line 147.
LaTeX Info: Redefining \LaTeXe on input line 200.
)
\heisei=\count175
)
(/usr/share/texlive/texmf-dist/tex/latex/graphics/color.sty
Package: color 2019/11/23 v1.2a Standard LaTeX Color (DPC)

(/usr/share/texlive/texmf-dist/tex/latex/graphics-cfg/color.cfg
File: color.cfg 2016/01/02 v1.6 sample color configuration
)
Package color Info: Driver file: dvipdfmx.def on input line 147.

(/usr/share/texlive/texmf-dist/tex/latex/graphics-def/dvipdfmx.def
File: dvipdfmx.def 2017/06/24 v5.0g Graphics/color driver for dvipdfmx
)
(/usr/share/texlive/texmf-dist/tex/latex/graphics/dvipsnam.def
File: dvipsnam.def 2016/06/17 v3.0m Driver-dependent file (DPC,SPQR)
))
(/usr/share/texlive/texmf-dist/tex/latex/graphics/graphicx.sty
Package: graphicx 2019/11/30 v1.2a Enhanced LaTeX Graphics (DPC,SPQR)

(/usr/share/texlive/texmf-dist/tex/latex/graphics/keyval.sty
Package: keyval 2014/10/28 v1.15 key=value parser (DPC)
\KV@toks@=\toks15
)
(/usr/share/texlive/texmf-dist/tex/latex/graphics/graphics.sty
Package: graphics 2019/11/30 v1.4a Standard LaTeX Graphics (DPC,SPQR)

(/usr/share/texlive/texmf-dist/tex/latex/graphics/trig.sty
Package: trig 2016/01/03 v1.10 sin cos tan (DPC)
)
(/usr/share/texlive/texmf-dist/tex/latex/graphics-cfg/graphics.cfg
File: graphics.cfg 2016/06/04 v1.11 sample graphics configuration
)
Package graphics Info: Driver file: dvipdfmx.def on input line 105.
)
\Gin@req@height=\dimen156
\Gin@req@width=\dimen157
)
(/usr/share/texlive/texmf-dist/tex/latex/wrapfig/wrapfig.sty
\wrapoverhang=\dimen158
\WF@size=\dimen159
\c@WF@wrappedlines=\count176
\WF@box=\box61
\WF@everypar=\toks16
Package: wrapfig 2003/01/31  v 3.6
)
(/usr/share/texlive/texmf-dist/tex/latex/float/float.sty
Package: float 2001/11/08 v1.3d Float enhancements (AL)
\c@float@type=\count177
\float@exts=\toks17
\float@box=\box62
\@float@everytoks=\toks18
\@floatcapt=\box63
)
(/usr/share/texlive/texmf-dist/tex/platex/japanese-otf-uptex/otf.sty
Package: otf 2019/04/01 v1.7b8 psitau, u0.24 ttk
LaTeX Font Info:    Redeclaring symbol font `mincho' on input line 314.
LaTeX Font Info:    Overwriting symbol font `mincho' in version `normal'
(Font)                  JY1/mc/m/n --> JY1/hmc/m/n on input line 314.
LaTeX Font Info:    Overwriting symbol font `mincho' in version `bold'
(Font)                  JY1/gt/m/n --> JY1/hmc/m/n on input line 314.
LaTeX Font Info:    Overwriting symbol font `mincho' in version `bold'
(Font)                  JY1/hmc/m/n --> JY1/hmc/bx/n on input line 316.
LaTeX Font Info:    Redeclaring math alphabet \mathgt on input line 317.
LaTeX Font Info:    Overwriting math alphabet `\mathgt' in version `normal'
(Font)                  JY1/gt/m/n --> JY1/hgt/m/n on input line 317.
LaTeX Font Info:    Overwriting math alphabet `\mathgt' in version `bold'
(Font)                  JY1/gt/m/n --> JY1/hgt/m/n on input line 317.
LaTeX Font Info:    Overwriting math alphabet `\mathgt' in version `bold'
(Font)                  JY1/hgt/m/n --> JY1/hgt/bx/n on input line 318.

(/usr/share/texlive/texmf-dist/tex/platex/japanese-otf/ajmacros.sty
Package: ajmacros 2019/04/01 21:00 iNOUE Koich! <inoue@ma.ns.musashi-tech.ac.jp
>
\@tempcntc=\count178
\@tempcntd=\count179
\@tempcnte=\count180
\@tempcntf=\count181
))
(/usr/share/texlive/texmf-dist/tex/platex/pxchfon/pxchfon.sty
Package: pxchfon 2020/02/01 v1.7b
)
(/usr/share/texlive/texmf-dist/tex/latex/tools/longtable.sty
Package: longtable 2020/01/07 v4.13 Multi-page Table package (DPC)
\LTleft=\skip50
\LTright=\skip51
\LTpre=\skip52
\LTpost=\skip53
\LTchunksize=\count182
\LTcapwidth=\dimen160
\LT@head=\box64
\LT@firsthead=\box65
\LT@foot=\box66
\LT@lastfoot=\box67
\LT@cols=\count183
\LT@rows=\count184
\c@LT@tables=\count185
\c@LT@chunks=\count186
\LT@p@ftn=\toks19
)
(/usr/share/texlive/texmf-dist/tex/generic/ulem/ulem.sty
\UL@box=\box68
\UL@hyphenbox=\box69
\UL@skip=\skip54
\UL@hook=\toks20
\UL@height=\dimen161
\UL@pe=\count187
\UL@pixel=\dimen162
\ULC@box=\box70
Package: ulem 2019/11/18
\ULdepth=\dimen163
)
(/usr/share/texlive/texmf-dist/tex/latex/ascmac/ascmac.sty
Package: ascmac 2020/01/15 v2.1 ascmac wrapper (community edition) 

(/usr/share/texlive/texmf-dist/tex/latex/ascmac/tascmac.sty
Package: tascmac 2020/01/15 v2.1 ascmac package (community edition) 
\@savetbaselineshift=\dimen164
\@saveybaselineshift=\dimen165
\scb@x=\box71
\scscb@x=\box72
\@bw=\dimen166
\@nbox=\box73
\@nbody=\box74
\@scw=\dimen167
\ascmac@hoboxa=\box75
\ascmac@hoboxb=\box76
\@itemh=\dimen168
\@iboxpos=\toks21
\@iboxstr=\box77
\@bwsp=\box78
\@@bwsp=\box79
\@bcal=\count188
\shaderule=\dimen169
))
(/usr/share/texlive/texmf-dist/tex/latex/tools/multicol.sty
Package: multicol 2019/12/09 v1.8y multicolumn formatting (FMi)
\c@tracingmulticols=\count189


Package multicol Warning: May not work with the twocolumn option on input line 
141.

\mult@box=\box80
\multicol@leftmargin=\dimen170
\c@unbalance=\count190
\c@collectmore=\count191
\doublecol@number=\count192
\multicoltolerance=\count193
\multicolpretolerance=\count194
\full@width=\dimen171
\page@free=\dimen172
\premulticols=\dimen173
\postmulticols=\dimen174
\multicolsep=\skip55
\multicolbaselineskip=\skip56
\partial@page=\box81
\last@line=\box82
\maxbalancingoverflow=\dimen175
\mult@rightbox=\box83
\mult@grightbox=\box84
\mult@gfirstbox=\box85
\mult@firstbox=\box86
\@tempa=\box87
\@tempa=\box88
\@tempa=\box89
\@tempa=\box90
\@tempa=\box91
\@tempa=\box92
\@tempa=\box93
\@tempa=\box94
\@tempa=\box95
\@tempa=\box96
\@tempa=\box97
\@tempa=\box98
\@tempa=\box99
\@tempa=\box100
\@tempa=\box101
\@tempa=\box102
\@tempa=\box103
\@tempa=\box104
\@tempa=\box105
\@tempa=\box106
\@tempa=\box107
\@tempa=\box108
\@tempa=\box109
\@tempa=\box110
\@tempa=\box111
\@tempa=\box112
\@tempa=\box113
\@tempa=\box114
\@tempa=\box115
\@tempa=\box116
\@tempa=\box117
\@tempa=\box118
\@tempa=\box119
\@tempa=\box120
\@tempa=\box121
\@tempa=\box122
\@tempa=\box123
\c@minrows=\count195
\c@columnbadness=\count196
\c@finalcolumnbadness=\count197
\last@try=\dimen176
\multicolovershoot=\dimen177
\multicolundershoot=\dimen178
\mult@nat@firstbox=\box124
\colbreak@box=\box125
\mc@col@check@num=\count198
) (/usr/share/texlive/texmf-dist/tex/latex/fncychap/fncychap.sty
Package: fncychap 2007/07/30 v1.34 LaTeX package (Revised chapters)
\RW=\skip57
\mylen=\skip58
\myhi=\skip59
\px=\skip60
\py=\skip61
\pyy=\skip62
\pxx=\skip63
)
(/usr/share/texlive/texmf-dist/tex/latex/titlesec/titlesec.sty
Package: titlesec 2019/10/16 v2.13 Sectioning titles
\ttl@box=\box126
\beforetitleunit=\skip64
\aftertitleunit=\skip65
\ttl@plus=\dimen179
\ttl@minus=\dimen180
\ttl@toksa=\toks22
\titlewidth=\dimen181
\titlewidthlast=\dimen182
\titlewidthfirst=\dimen183
)
(/usr/share/texlive/texmf-dist/tex/latex/picture/picture.sty
Package: picture 2019/12/09 v1.5 Dimens for picture macros (HO)
Package picture Info: Calculation method: etex.
)
(/usr/share/texlive/texmf-dist/tex/platex/jsclasses/okumacro.sty
Package: okumacro 2019/07/25 okumura, texjporg
LaTeX Info: Redefining \yen on input line 132.
\EXAMPLEWIDTH=\dimen184
)
(/usr/share/texlive/texmf-dist/tex/latex/base/textcomp.sty
Package: textcomp 2020/02/02 v2.0n Standard LaTeX package
)
(/usr/share/texlive/texmf-dist/tex/latex/enumitem/enumitem.sty
Package: enumitem 2019/06/20 v3.9 Customized lists
\labelindent=\skip66
\enit@outerparindent=\dimen185
\enit@toks=\toks23
\enit@inbox=\box127
\enit@count@id=\count199
\enitdp@description=\count266
)
(/usr/share/texlive/texmf-dist/tex/latex/l3backend/l3backend-dvips.def
File: l3backend-dvips.def 2020-02-03 L3 backend support: dvips
\l__pdf_internal_box=\box128
\g__pdf_backend_object_int=\count267
\l__pdf_backend_content_box=\box129
\l__pdf_backend_model_box=\box130
\g__pdf_backend_annotation_int=\count268
\g__pdf_backend_link_int=\count269
\g__pdf_backend_link_sf_int=\count270
)
(./03main.aux

LaTeX Warning: Label `' multiply defined.


LaTeX Warning: Label `' multiply defined.


LaTeX Warning: Label `' multiply defined.


LaTeX Warning: Label `' multiply defined.


LaTeX Warning: Label `' multiply defined.


LaTeX Warning: Label `' multiply defined.


LaTeX Warning: Label `' multiply defined.


LaTeX Warning: Label `' multiply defined.


LaTeX Warning: Label `' multiply defined.


LaTeX Warning: Label `' multiply defined.


LaTeX Warning: Label `' multiply defined.


LaTeX Warning: Label `' multiply defined.


LaTeX Warning: Label `' multiply defined.


LaTeX Warning: Label `' multiply defined.


LaTeX Warning: Label `' multiply defined.


LaTeX Warning: Label `' multiply defined.


LaTeX Warning: Label `' multiply defined.


LaTeX Warning: Label `' multiply defined.


LaTeX Warning: Label `' multiply defined.


LaTeX Warning: Label `' multiply defined.


LaTeX Warning: Label `' multiply defined.


LaTeX Warning: Label `' multiply defined.


LaTeX Warning: Label `' multiply defined.


LaTeX Warning: Label `' multiply defined.


LaTeX Warning: Label `' multiply defined.


LaTeX Warning: Label `' multiply defined.


LaTeX Warning: Label `' multiply defined.


LaTeX Warning: Label `' multiply defined.


LaTeX Warning: Label `' multiply defined.

)
\openout1 = `03main.aux'.

LaTeX Font Info:    Checking defaults for OML/cmm/m/it on input line 58.
LaTeX Font Info:    ... okay on input line 58.
LaTeX Font Info:    Checking defaults for OMS/cmsy/m/n on input line 58.
LaTeX Font Info:    ... okay on input line 58.
LaTeX Font Info:    Checking defaults for OT1/cmr/m/n on input line 58.
LaTeX Font Info:    ... okay on input line 58.
LaTeX Font Info:    Checking defaults for T1/cmr/m/n on input line 58.
LaTeX Font Info:    ... okay on input line 58.
LaTeX Font Info:    Checking defaults for TS1/cmr/m/n on input line 58.
LaTeX Font Info:    ... okay on input line 58.
LaTeX Font Info:    Checking defaults for OMX/cmex/m/n on input line 58.
LaTeX Font Info:    ... okay on input line 58.
LaTeX Font Info:    Checking defaults for U/cmr/m/n on input line 58.
LaTeX Font Info:    ... okay on input line 58.
LaTeX Font Info:    Checking defaults for JY1/mc/m/n on input line 58.
LaTeX Font Info:    ... okay on input line 58.
LaTeX Font Info:    Checking defaults for JT1/mc/m/n on input line 58.
LaTeX Font Info:    ... okay on input line 58.
LaTeX Font Info:    Font shape `JT1/hmc/m/n' will be
(Font)              scaled to size 9.24683pt on input line 58.
LaTeX Font Info:    Font shape `JY1/hmc/m/n' will be
(Font)              scaled to size 9.24683pt on input line 58.
LaTeX Font Info:    Font shape `JT1/hgt/m/n' will be
(Font)              scaled to size 9.24683pt on input line 62.
LaTeX Font Info:    Font shape `JY1/hgt/m/n' will be
(Font)              scaled to size 9.24683pt on input line 62.
LaTeX Font Info:    Font shape `JT1/hmc/m/n' will be
(Font)              scaled to size 13.31541pt on input line 62.
LaTeX Font Info:    Font shape `JY1/hmc/m/n' will be
(Font)              scaled to size 13.31541pt on input line 62.
LaTeX Font Info:    Font shape `JT1/hgt/m/n' will be
(Font)              scaled to size 13.31541pt on input line 62.
LaTeX Font Info:    Font shape `JY1/hgt/m/n' will be
(Font)              scaled to size 13.31541pt on input line 62.


LaTeX Font Warning: Font shape `JY1/hgt/b/n' undefined
(Font)              using `JY1/hgt/bx/n' instead on input line 62.

LaTeX Font Info:    Font shape `JT1/hgt/bx/n' will be
(Font)              scaled to size 13.31541pt on input line 62.
LaTeX Font Info:    Font shape `JY1/hgt/bx/n' will be
(Font)              scaled to size 13.31541pt on input line 62.

Overfull \hbox (9.60811pt too wide) in paragraph at lines 62--62
[][][][][][][]  
 []

(./03main.toc
LaTeX Font Info:    Font shape `JT1/cidj/m/3' will be
(Font)              scaled to size 9.24683pt on input line 2.
LaTeX Font Info:    Font shape `JY1/cidj/m/3' will be
(Font)              scaled to size 9.24683pt on input line 2.
LaTeX Font Info:    External font `cmex10' loaded for size
(Font)              <7> on input line 2.
LaTeX Font Info:    External font `cmex10' loaded for size
(Font)              <5> on input line 2.
LaTeX Font Info:    Font shape `JY1/hmc/m/n' will be
(Font)              scaled to size 6.47278pt on input line 2.
LaTeX Font Info:    Font shape `JY1/hmc/m/n' will be
(Font)              scaled to size 4.62341pt on input line 2.


LaTeX Font Warning: Font shape `JY1/hmc/b/n' undefined
(Font)              using `JY1/hmc/bx/n' instead on input line 47.

LaTeX Font Info:    Font shape `JT1/hmc/bx/n' will be
(Font)              scaled to size 9.24683pt on input line 47.
LaTeX Font Info:    Font shape `JY1/hmc/bx/n' will be
(Font)              scaled to size 9.24683pt on input line 47.
[1




])
\tf@toc=\write3
\openout3 = `03main.toc'.



LaTeX Font Warning: Font shape `JY1/hmc/b/n' undefined
(Font)              using `JY1/hmc/bx/n' instead on input line 62.

[2]
第1章
LaTeX Font Info:    Font shape `JT1/hmc/m/n' will be
(Font)              scaled to size 70.27588pt on input line 67.
LaTeX Font Info:    Font shape `JY1/hmc/m/n' will be
(Font)              scaled to size 70.27588pt on input line 67.
LaTeX Font Info:    Trying to load font information for OT1+pzc on input line 6
7.
(/usr/share/texlive/texmf-dist/tex/latex/psnfss/ot1pzc.fd
File: ot1pzc.fd 2001/06/04 font definitions for OT1/pzc.
)
LaTeX Font Info:    Font shape `OT1/pzc/m/n' in size <76> not available
(Font)              Font shape `OT1/pzc/mb/it' tried instead on input line 67.

Overfull \hbox (10.0pt too wide) in paragraph at lines 67--67
[][][][][][][][][]  
 []


LaTeX Font Warning: Font shape `JY1/hgt/b/n' undefined
(Font)              using `JY1/hgt/bx/n' instead on input line 67.


Overfull \hbox (9.60811pt too wide) in paragraph at lines 67--67
[][][][][][][]  
 []

LaTeX Font Info:    Font shape `JT1/cidj/m/0' will be
(Font)              scaled to size 9.24683pt on input line 70.
LaTeX Font Info:    Font shape `JY1/cidj/m/0' will be
(Font)              scaled to size 9.24683pt on input line 70.
LaTeX Font Info:    Font shape `JT1/hmc/m/n' will be
(Font)              scaled to size 11.09619pt on input line 77.
LaTeX Font Info:    Font shape `JY1/hmc/m/n' will be
(Font)              scaled to size 11.09619pt on input line 77.
LaTeX Font Info:    Font shape `JT1/hgt/m/n' will be
(Font)              scaled to size 11.09619pt on input line 77.
LaTeX Font Info:    Font shape `JY1/hgt/m/n' will be
(Font)              scaled to size 11.09619pt on input line 77.
LaTeX Font Info:    Font shape `JT1/cidjg/m/3' will be
(Font)              scaled to size 11.09619pt on input line 77.
LaTeX Font Info:    Font shape `JY1/cidjg/m/3' will be
(Font)              scaled to size 11.09619pt on input line 77.

Underfull \vbox (badness 10000) has occurred while \output is active []

LaTeX Font Info:    Font shape `JT1/cidj/m/1' will be
(Font)              scaled to size 9.24683pt on input line 91.
LaTeX Font Info:    Font shape `JY1/cidj/m/1' will be
(Font)              scaled to size 9.24683pt on input line 91.

Underfull \vbox (badness 10000) has occurred while \output is active []



LaTeX Font Warning: Font shape `JY1/hmc/b/n' undefined
(Font)              using `JY1/hmc/bx/n' instead on input line 94.

[1



]
LaTeX Font Info:    Font shape `JT1/hmc/m/n' will be
(Font)              scaled to size 7.39746pt on input line 98.
LaTeX Font Info:    Font shape `JY1/hmc/m/n' will be
(Font)              scaled to size 7.39746pt on input line 98.

Underfull \vbox (badness 10000) has occurred while \output is active []


Underfull \vbox (badness 10000) has occurred while \output is active []



LaTeX Font Warning: Font shape `JY1/hmc/b/n' undefined
(Font)              using `JY1/hmc/bx/n' instead on input line 118.

[2]
Underfull \vbox (badness 10000) has occurred while \output is active []



LaTeX Font Warning: Font shape `JY1/hmc/b/n' undefined
(Font)              using `JY1/hmc/bx/n' instead on input line 146.

[3]
第2章

Overfull \hbox (10.0pt too wide) in paragraph at lines 146--146
[][][][][][][][][]  
 []


LaTeX Font Warning: Font shape `JY1/hgt/b/n' undefined
(Font)              using `JY1/hgt/bx/n' instead on input line 146.


Overfull \hbox (9.60811pt too wide) in paragraph at lines 146--146
[][][][][][][]  
 []

LaTeX Font Info:    Font shape `JT1/hmc/m/n' will be
(Font)              scaled to size 6.47278pt on input line 152.
LaTeX Font Info:    External font `cmex10' loaded for size
(Font)              <8> on input line 152.
LaTeX Font Info:    External font `cmex10' loaded for size
(Font)              <6> on input line 152.
LaTeX Font Info:    Font shape `JY1/hmc/m/n' will be
(Font)              scaled to size 5.5481pt on input line 152.
LaTeX Font Info:    Font shape `JT1/hmc/m/n' will be
(Font)              scaled to size 5.5481pt on input line 152.
LaTeX Font Info:    Font shape `JT1/cidj/m/1' will be
(Font)              scaled to size 7.39746pt on input line 153.
LaTeX Font Info:    Font shape `JY1/cidj/m/1' will be
(Font)              scaled to size 7.39746pt on input line 153.

Underfull \vbox (badness 10000) has occurred while \output is active []

File: fig/03_Otaishi/01_otaishi.jpg Graphic file (type bmp)
<fig/03_Otaishi/01_otaishi.jpg>

Underfull \vbox (badness 1642) has occurred while \output is active []



LaTeX Font Warning: Font shape `JY1/hmc/b/n' undefined
(Font)              using `JY1/hmc/bx/n' instead on input line 166.

[4

]
File: fig/03_Otaishi/02_otaishi.jpg Graphic file (type bmp)
<fig/03_Otaishi/02_otaishi.jpg>
File: fig/03_Otaishi/03_otaishi.jpg Graphic file (type bmp)
<fig/03_Otaishi/03_otaishi.jpg>

Underfull \vbox (badness 10000) has occurred while \output is active []


Underfull \vbox (badness 10000) has occurred while \output is active []



LaTeX Font Warning: Font shape `JY1/hmc/b/n' undefined
(Font)              using `JY1/hmc/bx/n' instead on input line 193.

[5]
LaTeX Font Info:    Font shape `JT1/hmc/m/n' will be
(Font)              scaled to size 8.32214pt on input line 200.
LaTeX Font Info:    Font shape `JY1/hmc/m/n' will be
(Font)              scaled to size 8.32214pt on input line 200.

Underfull \vbox (badness 10000) has occurred while \output is active []

LaTeX Font Info:    Font shape `JT1/cidj/m/1' will be
(Font)              scaled to size 8.32214pt on input line 211.
LaTeX Font Info:    Font shape `JY1/cidj/m/1' will be
(Font)              scaled to size 8.32214pt on input line 211.


LaTeX Font Warning: Font shape `JY1/hmc/b/n' undefined
(Font)              using `JY1/hmc/bx/n' instead on input line 229.

[6]
第3章

Overfull \hbox (10.0pt too wide) in paragraph at lines 229--229
[][][][][][][][][]  
 []


LaTeX Font Warning: Font shape `JY1/hgt/b/n' undefined
(Font)              using `JY1/hgt/bx/n' instead on input line 229.


Overfull \hbox (9.60811pt too wide) in paragraph at lines 229--229
[][][][][][][]  
 []


Underfull \vbox (badness 10000) has occurred while \output is active []



LaTeX Font Warning: Font shape `JY1/hmc/b/n' undefined
(Font)              using `JY1/hmc/bx/n' instead on input line 248.

[7

]
File: fig/05_Miyamoto/pic01.pdf Graphic file (type pdf)
<fig/05_Miyamoto/pic01.pdf>
File: fig/05_Miyamoto/pic02.pdf Graphic file (type pdf)
<fig/05_Miyamoto/pic02.pdf>
File: fig/05_Miyamoto/pic03.jpg Graphic file (type bmp)
<fig/05_Miyamoto/pic03.jpg>

Underfull \vbox (badness 10000) has occurred while \output is active []

File: fig/05_Miyamoto/fig01.pdf Graphic file (type pdf)
<fig/05_Miyamoto/fig01.pdf>
File: fig/05_Miyamoto/fig02.pdf Graphic file (type pdf)
<fig/05_Miyamoto/fig02.pdf>


LaTeX Font Warning: Font shape `JY1/hmc/b/n' undefined
(Font)              using `JY1/hmc/bx/n' instead on input line 307.

[8]
Underfull \vbox (badness 5345) has occurred while \output is active []



LaTeX Font Warning: Font shape `JY1/hmc/b/n' undefined
(Font)              using `JY1/hmc/bx/n' instead on input line 355.

[9]

LaTeX Font Warning: Font shape `JY1/hmc/b/n' undefined
(Font)              using `JY1/hmc/bx/n' instead on input line 355.

[10]
第4章

Overfull \hbox (10.0pt too wide) in paragraph at lines 355--355
[][][][][][][][][]  
 []


LaTeX Font Warning: Font shape `JY1/hgt/b/n' undefined
(Font)              using `JY1/hgt/bx/n' instead on input line 355.


Overfull \hbox (9.60811pt too wide) in paragraph at lines 355--355
[][][][][][][]  
 []

File: fig/01_Iseki_kengaku/01_Opening.JPG Graphic file (type bmp)
<fig/01_Iseki_kengaku/01_Opening.JPG>

Underfull \vbox (badness 7030) has occurred while \output is active []

File: fig/01_Iseki_kengaku/02_Ofune.JPG Graphic file (type bmp)
<fig/01_Iseki_kengaku/02_Ofune.JPG>


LaTeX Font Warning: Font shape `JY1/hmc/b/n' undefined
(Font)              using `JY1/hmc/bx/n' instead on input line 389.

[11

]
File: fig/01_Iseki_kengaku/04_Ofune_house.JPG Graphic file (type bmp)
<fig/01_Iseki_kengaku/04_Ofune_house.JPG>
File: fig/01_Iseki_kengaku/06_Ofune_house.JPG Graphic file (type bmp)
<fig/01_Iseki_kengaku/06_Ofune_house.JPG>
File: fig/01_Iseki_kengaku/07Ofune_inner_house.JPG Graphic file (type bmp)
<fig/01_Iseki_kengaku/07Ofune_inner_house.JPG>
File: fig/01_Iseki_kengaku/08DeepHouse.JPG Graphic file (type bmp)
<fig/01_Iseki_kengaku/08DeepHouse.JPG>

Underfull \vbox (badness 10000) has occurred while \output is active []



LaTeX Font Warning: Font shape `JY1/hmc/b/n' undefined
(Font)              using `JY1/hmc/bx/n' instead on input line 431.

[12]
File: fig/01_Iseki_kengaku/09_OfuneB_zenkei.JPG Graphic file (type bmp)
<fig/01_Iseki_kengaku/09_OfuneB_zenkei.JPG>
File: fig/01_Iseki_kengaku/10_OfuneB_section.JPG Graphic file (type bmp)
<fig/01_Iseki_kengaku/10_OfuneB_section.JPG>
File: fig/01_Iseki_kengaku/11_Ofune_house.JPG Graphic file (type bmp)
<fig/01_Iseki_kengaku/11_Ofune_house.JPG>
File: fig/01_Iseki_kengaku/12_Kakinosima_zenkei.JPG Graphic file (type bmp)
<fig/01_Iseki_kengaku/12_Kakinosima_zenkei.JPG>
File: fig/01_Iseki_kengaku/13Kakinosima_slope.JPG Graphic file (type bmp)
<fig/01_Iseki_kengaku/13Kakinosima_slope.JPG>


LaTeX Font Warning: Font shape `JY1/hmc/b/n' undefined
(Font)              using `JY1/hmc/bx/n' instead on input line 489.

[13]
File: fig/01_Iseki_kengaku/14Hakkutu_taiken.JPG Graphic file (type bmp)
<fig/01_Iseki_kengaku/14Hakkutu_taiken.JPG>
File: fig/01_Iseki_kengaku/15Kakinosima_tateana.JPG Graphic file (type bmp)
<fig/01_Iseki_kengaku/15Kakinosima_tateana.JPG>
File: fig/01_Iseki_kengaku/16Kakinosima_morido.JPG Graphic file (type bmp)
<fig/01_Iseki_kengaku/16Kakinosima_morido.JPG>
File: fig/01_Iseki_kengaku/17_Kakinosima_sign.JPG Graphic file (type bmp)
<fig/01_Iseki_kengaku/17_Kakinosima_sign.JPG>


LaTeX Font Warning: Font shape `JY1/hmc/b/n' undefined
(Font)              using `JY1/hmc/bx/n' instead on input line 543.

[14]
File: fig/01_Iseki_kengaku/18Kakinosima_zenkei02.JPG Graphic file (type bmp)
<fig/01_Iseki_kengaku/18Kakinosima_zenkei02.JPG>

Underfull \vbox (badness 10000) has occurred while \output is active []



LaTeX Font Warning: Font shape `JY1/hmc/b/n' undefined
(Font)              using `JY1/hmc/bx/n' instead on input line 572.

[15]
第5章

Overfull \hbox (10.0pt too wide) in paragraph at lines 572--572
[][][][][][][][][]  
 []


LaTeX Font Warning: Font shape `JY1/hgt/b/n' undefined
(Font)              using `JY1/hgt/bx/n' instead on input line 572.


Overfull \hbox (9.60811pt too wide) in paragraph at lines 572--572
[][][][][][][]  
 []

File: fig/08_Tukada/02shutudo.JPG Graphic file (type bmp)
<fig/08_Tukada/02shutudo.JPG>
File: fig/08_Tukada/01enkei.JPG Graphic file (type bmp)
<fig/08_Tukada/01enkei.JPG>
File: fig/08_Tukada/kakebotoke.pdf Graphic file (type pdf)
<fig/08_Tukada/kakebotoke.pdf>

Underfull \vbox (badness 4266) has occurred while \output is active []



LaTeX Font Warning: Font shape `JY1/hmc/b/n' undefined
(Font)              using `JY1/hmc/bx/n' instead on input line 614.

[16

]

LaTeX Font Warning: Font shape `JY1/hmc/b/n' undefined
(Font)              using `JY1/hmc/bx/n' instead on input line 620.

[17

]
第6章

Overfull \hbox (10.0pt too wide) in paragraph at lines 620--620
[][][][][][][][][]  
 []


LaTeX Font Warning: Font shape `JY1/hgt/b/n' undefined
(Font)              using `JY1/hgt/bx/n' instead on input line 620.


Overfull \hbox (9.60811pt too wide) in paragraph at lines 620--620
[][][][][][][]  
 []

File: fig/04_Kudo/fig01.jpg Graphic file (type bmp)
<fig/04_Kudo/fig01.jpg>

Underfull \vbox (badness 10000) has occurred while \output is active []



LaTeX Font Warning: Font shape `JY1/hmc/b/n' undefined
(Font)              using `JY1/hmc/bx/n' instead on input line 645.

[18

]
File: fig/04_Kudo/fig02.png Graphic file (type bmp)
<fig/04_Kudo/fig02.png>
File: fig/04_Kudo/fig03.jpg Graphic file (type bmp)
<fig/04_Kudo/fig03.jpg>
File: fig/04_Kudo/fig04.jpg Graphic file (type bmp)
<fig/04_Kudo/fig04.jpg>


LaTeX Font Warning: Font shape `JY1/hmc/b/n' undefined
(Font)              using `JY1/hmc/bx/n' instead on input line 683.

[19]
File: fig/07_Ishii/02survey_pic.jpg Graphic file (type bmp)
<fig/07_Ishii/02survey_pic.jpg>

Underfull \vbox (badness 1577) has occurred while \output is active []

File: fig/07_Ishii/Metal_survey_result.pdf Graphic file (type pdf)
<fig/07_Ishii/Metal_survey_result.pdf>


LaTeX Font Warning: Font shape `JY1/hmc/b/n' undefined
(Font)              using `JY1/hmc/bx/n' instead on input line 731.

[20]
第7章

Overfull \hbox (10.0pt too wide) in paragraph at lines 731--731
[][][][][][][][][]  
 []


LaTeX Font Warning: Font shape `JY1/hgt/b/n' undefined
(Font)              using `JY1/hgt/bx/n' instead on input line 731.


Overfull \hbox (9.60811pt too wide) in paragraph at lines 731--731
[][][][][][][]  
 []

File: fig/02_Komine/Komine01.png Graphic file (type bmp)
<fig/02_Komine/Komine01.png>
File: fig/02_Komine/Komine02.png Graphic file (type bmp)
<fig/02_Komine/Komine02.png>

Underfull \vbox (badness 10000) has occurred while \output is active []



LaTeX Font Warning: Font shape `JY1/hmc/b/n' undefined
(Font)              using `JY1/hmc/bx/n' instead on input line 765.

[21

]
File: fig/06_satou/s_satou.JPG Graphic file (type bmp)
<fig/06_satou/s_satou.JPG>

Underfull \vbox (badness 10000) has occurred while \output is active []



LaTeX Font Warning: Font shape `JY1/hmc/b/n' undefined
(Font)              using `JY1/hmc/bx/n' instead on input line 794.

[22]
第8章

Overfull \hbox (10.0pt too wide) in paragraph at lines 794--794
[][][][][][][][][]  
 []


LaTeX Font Warning: Font shape `JY1/hgt/b/n' undefined
(Font)              using `JY1/hgt/bx/n' instead on input line 794.


Overfull \hbox (9.60811pt too wide) in paragraph at lines 794--794
[][][][][][][]  
 []

File: fig/09_Shohyo/Binford.jpg Graphic file (type bmp)
<fig/09_Shohyo/Binford.jpg>

LaTeX Font Warning: Font shape `JY1/hmc/b/n' undefined
(Font)              using `JY1/hmc/bx/n' instead on input line 822.

[23

] (./03main.aux)

LaTeX Warning: There were multiply-defined labels.

 ) 
Here is how much of TeX's memory you used:
 5760 strings out of 482863
 83749 string characters out of 5959217
 342238 words of memory out of 5000000
 20973 multiletter control sequences out of 15000+600000
 545447 words of font info for 101 fonts, out of 8000000 for 9000
 269 hyphenation exceptions out of 8191
 30i,10n,32p,714b,992s stack positions out of 5000i,500n,10000p,200000b,80000s

Output written on 03main.dvi (25 pages, 120660 bytes).
